CRITICAL - 2020-05-16 03:00:42 --> Call to undefined function set_value()
#0 C:\xampp\htdocs\project_tracker\vendor\codeigniter4\framework\system\View\View.php(246): include()
#1 C:\xampp\htdocs\project_tracker\vendor\codeigniter4\framework\system\Common.php(1087): CodeIgniter\View\View->render('pages/login', Array, true)
#2 C:\xampp\htdocs\project_tracker\app\Controllers\Home.php(15): view('pages/login', Array)
#3 C:\xampp\htdocs\project_tracker\vendor\codeigniter4\framework\system\CodeIgniter.php(914): App\Controllers\Home->index()
#4 C:\xampp\htdocs\project_tracker\vendor\codeigniter4\framework\system\CodeIgniter.php(400): CodeIgniter\CodeIgniter->runController(Object(App\Controllers\Home))
#5 C:\xampp\htdocs\project_tracker\vendor\codeigniter4\framework\system\CodeIgniter.php(308): CodeIgniter\CodeIgniter->handleRequest(NULL, Object(Config\Cache), false)
#6 C:\xampp\htdocs\project_tracker\public\index.php(45): CodeIgniter\CodeIgniter->run()
#7 {main}
CRITICAL - 2020-05-16 04:52:35 --> Too few arguments to function helper(), 0 passed in C:\xampp\htdocs\project_tracker\app\Controllers\Home.php on line 8 and exactly 1 expected
#0 C:\xampp\htdocs\project_tracker\app\Controllers\Home.php(8): helper()
#1 C:\xampp\htdocs\project_tracker\vendor\codeigniter4\framework\system\CodeIgniter.php(914): App\Controllers\Home->index()
#2 C:\xampp\htdocs\project_tracker\vendor\codeigniter4\framework\system\CodeIgniter.php(400): CodeIgniter\CodeIgniter->runController(Object(App\Controllers\Home))
#3 C:\xampp\htdocs\project_tracker\vendor\codeigniter4\framework\system\CodeIgniter.php(308): CodeIgniter\CodeIgniter->handleRequest(NULL, Object(Config\Cache), false)
#4 C:\xampp\htdocs\project_tracker\public\index.php(45): CodeIgniter\CodeIgniter->run()
#5 {main}
CRITICAL - 2020-05-16 04:53:05 --> Undefined variable: title
#0 C:\xampp\htdocs\project_tracker\app\Views\templates\header.php(42): CodeIgniter\Debug\Exceptions->errorHandler(8, 'Undefined varia...', 'C:\\xampp\\htdocs...', 42, Array)
#1 C:\xampp\htdocs\project_tracker\vendor\codeigniter4\framework\system\View\View.php(246): include('C:\\xampp\\htdocs...')
#2 C:\xampp\htdocs\project_tracker\vendor\codeigniter4\framework\system\Common.php(1087): CodeIgniter\View\View->render('templates/heade...', Array, true)
#3 C:\xampp\htdocs\project_tracker\app\Controllers\Home.php(10): view('templates/heade...')
#4 C:\xampp\htdocs\project_tracker\vendor\codeigniter4\framework\system\CodeIgniter.php(914): App\Controllers\Home->index()
#5 C:\xampp\htdocs\project_tracker\vendor\codeigniter4\framework\system\CodeIgniter.php(400): CodeIgniter\CodeIgniter->runController(Object(App\Controllers\Home))
#6 C:\xampp\htdocs\project_tracker\vendor\codeigniter4\framework\system\CodeIgniter.php(308): CodeIgniter\CodeIgniter->handleRequest(NULL, Object(Config\Cache), false)
#7 C:\xampp\htdocs\project_tracker\public\index.php(45): CodeIgniter\CodeIgniter->run()
#8 {main}
